This is pdfeTeX, Version 3.141592-1.30.4-2.2 (Web2C 7.5.5) (format=pdflatex 2006.9.13)  7 FEB 2008 14:06
entering extended mode
**scale.tex
(./scale.tex
LaTeX2e <2003/12/01>
Babel <v3.8d> and hyphenation patterns for american, french, german, ngerman, d
utch, italian, norsk, portuges, spanish, swedish, nohyphenation, loaded.
(/usr/local/teTeX/share/texmf.tetex/tex/latex/base/book.cls
Document Class: book 2004/02/16 v1.4f Standard LaTeX document class
(/usr/local/teTeX/share/texmf.tetex/tex/latex/base/bk10.clo
File: bk10.clo 2004/02/16 v1.4f Standard LaTeX file (size option)
)
\c@part=\count79
\c@chapter=\count80
\c@section=\count81
\c@subsection=\count82
\c@subsubsection=\count83
\c@paragraph=\count84
\c@subparagraph=\count85
\c@figure=\count86
\c@table=\count87
\abovecaptionskip=\skip41
\belowcaptionskip=\skip42
\bibindent=\dimen102
) (./sunil.sty
Package: sunil 2002/03/08 3.0 CRC Dictionary Document Style
\c@shared=\count88
\htrim=\dimen103
\vtrimtop=\dimen104
\vtrimbot=\dimen105
\ul@box=\box26
\ur@box=\box27
\ll@box=\box28
\lr@box=\box29
\@cipboxa=\box30
\@cipboxb=\box31
\@ciprulewidth=\dimen106
\c@numauthors=\count89
\section@toc@skip=\skip43
\SectionTOCWidth=\skip44
\subsection@toc@skip=\skip45
\SubSectionTOCWidth=\skip46
\subsubsection@toc@skip=\skip47
\SubSubSectionTOCWidth=\skip48
\paragraph@toc@skip=\skip49
\ParagraphTOCWidth=\skip50
\subparagraph@toc@skip=\skip51
\c@chaptocdepth=\count90
\c@Example=\count91
\c@subequation=\count92

(/usr/local/teTeX/share/texmf.tetex/tex/latex/floatflt/floatflt.sty
Package: floatflt 1997/07/16 v. 1.31
\c@OptionTest=\count93
\figbox=\box32
\tabbox=\box33
\pagebox=\box34
\ffigcount=\count94
\ftabcount=\count95
\fftest=\count96
\hangcount=\count97
\nosuccesstryfig=\count98
\nosuccesstrytab=\count99
\figgutter=\dimen107
\tabgutter=\dimen108
\htdone=\dimen109
\pageht=\dimen110
\startpageht=\dimen111
\tabbredd=\dimen112
\floatfltwidth=\dimen113
\fltitemwidth=\dimen114
\outputpretest=\toks14
)
\@captionwidth=\dimen115
\@tablebox=\box35
\@tabletitlebox=\box36
\@tablewidth=\dimen116
\@tabletitlewidth=\dimen117
\max@tablewidth=\dimen118
\copyrightbox=\box37
\c@numlist=\count100
\dwidth=\dimen119
\dheight=\dimen120
\c@ALGORITHM=\count101
\c@APPLICATION=\count102
\c@CASE=\count103
\c@CLAIM=\count104
\c@COROLLARY=\count105
\c@DEFINITION=\count106
\c@FORMULA=\count107
\c@LEMMA=\count108
\c@PROPOSITION=\count109
\c@QUESTION=\count110
\c@REMARK=\count111
\c@TEST=\count112
\c@THEOREM=\count113
)
(/usr/local/teTeX/share/texmf.tetex/tex/latex/tools/multicol.sty
Package: multicol 2004/02/14 v1.6e multicolumn formatting (FMi)
\c@tracingmulticols=\count114
\mult@box=\box38
\multicol@leftmargin=\dimen121
\c@unbalance=\count115
\c@collectmore=\count116
\doublecol@number=\count117
\multicoltolerance=\count118
\multicolpretolerance=\count119
\full@width=\dimen122
\page@free=\dimen123
\premulticols=\dimen124
\postmulticols=\dimen125
\multicolsep=\skip52
\multicolbaselineskip=\skip53
\partial@page=\box39
\last@line=\box40
\mult@rightbox=\box41
\mult@grightbox=\box42
\mult@gfirstbox=\box43
\mult@firstbox=\box44
\@tempa=\box45
\@tempa=\box46
\@tempa=\box47
\@tempa=\box48
\@tempa=\box49
\@tempa=\box50
\@tempa=\box51
\@tempa=\box52
\@tempa=\box53
\@tempa=\box54
\@tempa=\box55
\@tempa=\box56
\@tempa=\box57
\@tempa=\box58
\@tempa=\box59
\@tempa=\box60
\@tempa=\box61
\c@columnbadness=\count120
\c@finalcolumnbadness=\count121
\last@try=\dimen126
\multicolovershoot=\dimen127
\multicolundershoot=\dimen128
\mult@nat@firstbox=\box62
\colbreak@box=\box63
)
(./mathpartir.sty
Package: mathpartir 2003/07/10 version 1.1.1 Math Paragraph for Typesetting Inf
erence Rules

(/usr/local/teTeX/share/texmf.tetex/tex/latex/graphics/keyval.sty
Package: keyval 1999/03/16 v1.13 key=value parser (DPC)
\KV@toks@=\toks15
)
\mpr@tmpdim=\dimen129
\mpr@andskip=\skip54
\mpr@lista=\toks16
\mpr@listb=\toks17
\mpr@hlist=\box64
\mpr@vlist=\box65
\mpr@right=\box66
\rule@dimen=\dimen130
)
(./bcprules.sty
\afterruleskip=\skip55
\labelminsep=\skip56
\labelcolwidth=\dimen131
\@labelbox=\box67
\rulebox=\box68
\ruledim=\dimen132
\labeldim=\dimen133
)
(/usr/local/teTeX/share/texmf.tetex/tex/latex/graphics/graphicx.sty
Package: graphicx 1999/02/16 v1.0f Enhanced LaTeX Graphics (DPC,SPQR)

(/usr/local/teTeX/share/texmf.tetex/tex/latex/graphics/graphics.sty
Package: graphics 2001/07/07 v1.0n Standard LaTeX Graphics (DPC,SPQR)

(/usr/local/teTeX/share/texmf.tetex/tex/latex/graphics/trig.sty
Package: trig 1999/03/16 v1.09 sin cos tan (DPC)
)
(/usr/local/teTeX/share/texmf.tetex/tex/latex/graphics/graphics.cfg
File: graphics.cfg 2005/02/03 v1.3 graphics configuration of teTeX/TeXLive
)
Package graphics Info: Driver file: pdftex.def on input line 80.

(/usr/local/teTeX/share/texmf.tetex/tex/latex/graphics/pdftex.def
File: pdftex.def 2002/06/19 v0.03k graphics/color for pdftex
\Gread@gobject=\count122
))
\Gin@req@height=\dimen134
\Gin@req@width=\dimen135
)
(/usr/local/teTeX/share/texmf.tetex/tex/latex/amsfonts/amsfonts.sty
Package: amsfonts 2001/10/25 v2.2f
\@emptytoks=\toks18
\symAMSa=\mathgroup4
\symAMSb=\mathgroup5
LaTeX Font Info:    Overwriting math alphabet `\mathfrak' in version `bold'
(Font)                  U/euf/m/n --> U/euf/b/n on input line 132.
)
(/usr/local/teTeX/share/texmf.tetex/tex/latex/amsmath/amstext.sty
Package: amstext 2000/06/29 v2.01

(/usr/local/teTeX/share/texmf.tetex/tex/latex/amsmath/amsgen.sty
File: amsgen.sty 1999/11/30 v2.0
\@emptytoks=\toks19
\ex@=\dimen136
))
(/usr/local/teTeX/share/texmf.tetex/tex/latex/base/latexsym.sty
Package: latexsym 1998/08/17 v2.2e Standard LaTeX package (lasy symbols)
\symlasy=\mathgroup6
LaTeX Font Info:    Overwriting symbol font `lasy' in version `bold'
(Font)                  U/lasy/m/n --> U/lasy/b/n on input line 47.
)
(/usr/local/teTeX/share/texmf.tetex/tex/latex/amsfonts/amssymb.sty
Package: amssymb 2002/01/22 v2.2d
)
(/usr/local/teTeX/share/texmf.tetex/tex/latex/graphics/color.sty
Package: color 1999/02/16 v1.0i Standard LaTeX Color (DPC)

(/usr/local/teTeX/share/texmf.tetex/tex/latex/graphics/color.cfg
File: color.cfg 2005/02/03 v1.3 color configuration of teTeX/TeXLive
)
Package color Info: Driver file: pdftex.def on input line 125.
)
(./fancybox.sty
Style option: `fancybox' v1.0 <93/02/10> (tvz)
\@fancybox=\box69
\shadowsize=\dimen137
\@Sbox=\box70
\do@VerbBox=\toks20
\the@fancyput=\toks21
\this@fancyput=\toks22
\EndVerbatimTokens=\toks23
\Verbatim@Outfile=\write3
\Verbatim@Infile=\read1
)
\@input{scale.local.aux}
\openout2 = `scale.local.aux'.

(./scale.local.tex
\ltext=\skip57
\lmath=\skip58
\cmath=\skip59
\rmath=\skip60
\rtext=\skip61
LaTeX Font Info:    Try loading font information for U+msa on input line 161.

(/usr/local/teTeX/share/texmf.tetex/tex/latex/amsfonts/umsa.fd
File: umsa.fd 2002/01/19 v2.2g AMS font definitions
)
LaTeX Font Info:    Try loading font information for U+msb on input line 161.

(/usr/local/teTeX/share/texmf.tetex/tex/latex/amsfonts/umsb.fd
File: umsb.fd 2002/01/19 v2.2g AMS font definitions
)
LaTeX Font Info:    Try loading font information for U+lasy on input line 161.

(/usr/local/teTeX/share/texmf.tetex/tex/latex/base/ulasy.fd
File: ulasy.fd 1998/08/17 v2.2e LaTeX symbol font definitions
)
\tempbox=\box71
\nomenwidth=\dimen138
) (./scale.aux)
\openout1 = `scale.aux'.

LaTeX Font Info:    Checking defaults for OML/cmm/m/it on input line 39.
LaTeX Font Info:    ... okay on input line 39.
LaTeX Font Info:    Checking defaults for T1/cmr/m/n on input line 39.
LaTeX Font Info:    ... okay on input line 39.
LaTeX Font Info:    Checking defaults for OT1/cmr/m/n on input line 39.
LaTeX Font Info:    ... okay on input line 39.
LaTeX Font Info:    Checking defaults for OMS/cmsy/m/n on input line 39.
LaTeX Font Info:    ... okay on input line 39.
LaTeX Font Info:    Checking defaults for OMX/cmex/m/n on input line 39.
LaTeX Font Info:    ... okay on input line 39.
LaTeX Font Info:    Checking defaults for U/cmr/m/n on input line 39.
LaTeX Font Info:    ... okay on input line 39.
LaTeX Font Info:    Try loading font information for OMS+cmr on input line 39.

(/usr/local/teTeX/share/texmf.tetex/tex/latex/base/omscmr.fd
File: omscmr.fd 1999/05/25 v2.5h Standard LaTeX font definitions
)
LaTeX Font Info:    Font shape `OMS/cmr/m/n' in size <6> not available
(Font)              Font shape `OMS/cmsy/m/n' tried instead on input line 39.

(/usr/local/teTeX/share/texmf.tetex/tex/context/base/supp-pdf.tex
(/usr/local/teTeX/share/texmf.tetex/tex/context/base/supp-mis.tex
loading : Context Support Macros / Miscellaneous (2004.10.26)
\protectiondepth=\count123
\scratchcounter=\count124
\scratchtoks=\toks24
\scratchdimen=\dimen139
\scratchskip=\skip62
\scratchmuskip=\muskip10
\scratchbox=\box72
\scratchread=\read2
\scratchwrite=\write4
\zeropoint=\dimen140
\onepoint=\dimen141
\onebasepoint=\dimen142
\minusone=\count125
\thousandpoint=\dimen143
\onerealpoint=\dimen144
\emptytoks=\toks25
\nextbox=\box73
\nextdepth=\dimen145
\everyline=\toks26
\!!counta=\count126
\!!countb=\count127
\recursecounter=\count128
)
loading : Context Support Macros / PDF (2004.03.26)
\nofMPsegments=\count129
\nofMParguments=\count130
\MPscratchCnt=\count131
\MPscratchDim=\dimen146
\MPnumerator=\count132
\everyMPtoPDFconversion=\toks27
) (./scale.front.tex
Underfull \vbox (badness 10000) detected at line 17
 []


Overfull \hbox (335.75pt too wide) detected at line 17
[]
 []


Underfull \vbox (badness 10000) detected at line 17
 []


Overfull \hbox (335.75pt too wide) detected at line 17
[]
 []


Underfull \vbox (badness 10000) detected at line 17
 []


Overfull \hbox (335.75pt too wide) detected at line 17
[]
 []


Underfull \vbox (badness 10000) detected at line 17
 []


Overfull \hbox (335.75pt too wide) detected at line 17
[]
 []

[1{/usr/local/teTeX/share/texmf.local/fonts/map/pdftex/updmap/pdftex.map}



]
Underfull \vbox (badness 10000) detected at line 17
 []


Overfull \hbox (335.75pt too wide) detected at line 17
[]
 []


Underfull \vbox (badness 10000) detected at line 17
 []


Overfull \hbox (335.75pt too wide) detected at line 17
[]
 []


Underfull \vbox (badness 10000) detected at line 17
 []


Overfull \hbox (335.75pt too wide) detected at line 17
[]
 []


Underfull \vbox (badness 10000) detected at line 17
 []


Overfull \hbox (335.75pt too wide) detected at line 17
[]
 []


Underfull \hbox (badness 10000) has occurred while \output is active
 [][][][] 
 []

[2

] (./scale.toc)
\tf@toc=\write5
\openout5 = `scale.toc'.


Overfull \hbox (38.99417pt too wide) detected at line 17
\OT1/cmr/bx/n/10 References 
 []


Underfull \hbox (badness 10000) has occurred while \output is active
 [][][][] 
 []

[3]
Underfull \vbox (badness 10000) detected at line 18
 []


Overfull \hbox (335.75pt too wide) detected at line 18
[]
 []


Underfull \vbox (badness 10000) detected at line 18
 []


Overfull \hbox (335.75pt too wide) detected at line 18
[]
 []


Underfull \vbox (badness 10000) detected at line 18
 []


Overfull \hbox (335.75pt too wide) detected at line 18
[]
 []


Underfull \vbox (badness 10000) detected at line 18
 []


Overfull \hbox (335.75pt too wide) detected at line 18
[]
 []

[4] (./scale.lot)
\tf@lot=\write6
\openout6 = `scale.lot'.


Underfull \vbox (badness 10000) detected at line 19
 []


Overfull \hbox (335.75pt too wide) detected at line 19
[]
 []


Underfull \vbox (badness 10000) detected at line 19
 []


Overfull \hbox (335.75pt too wide) detected at line 19
[]
 []


Underfull \vbox (badness 10000) detected at line 19
 []


Overfull \hbox (335.75pt too wide) detected at line 19
[]
 []


Underfull \vbox (badness 10000) detected at line 19
 []


Overfull \hbox (335.75pt too wide) detected at line 19
[]
 []


Underfull \hbox (badness 10000) has occurred while \output is active
 [][][][] 
 []

[5

]
Underfull \vbox (badness 10000) detected at line 19
 []


Overfull \hbox (335.75pt too wide) detected at line 19
[]
 []


Underfull \vbox (badness 10000) detected at line 19
 []


Overfull \hbox (335.75pt too wide) detected at line 19
[]
 []


Underfull \vbox (badness 10000) detected at line 19
 []


Overfull \hbox (335.75pt too wide) detected at line 19
[]
 []


Underfull \vbox (badness 10000) detected at line 19
 []


Overfull \hbox (335.75pt too wide) detected at line 19
[]
 []


Underfull \hbox (badness 10000) has occurred while \output is active
 [][][][] 
 []

[6

] (./scale.lof)
\tf@lof=\write7
\openout7 = `scale.lof'.


Underfull \hbox (badness 10000) has occurred while \output is active
 [][][][] 
 []

[7]
Underfull \vbox (badness 10000) detected at line 20
 []


Overfull \hbox (335.75pt too wide) detected at line 20
[]
 []


Underfull \vbox (badness 10000) detected at line 20
 []


Overfull \hbox (335.75pt too wide) detected at line 20
[]
 []


Underfull \vbox (badness 10000) detected at line 20
 []


Overfull \hbox (335.75pt too wide) detected at line 20
[]
 []


Underfull \vbox (badness 10000) detected at line 20
 []


Overfull \hbox (335.75pt too wide) detected at line 20
[]
 []


Underfull \hbox (badness 10000) has occurred while \output is active
 [][][][] 
 []

[8

] [9]
Underfull \vbox (badness 10000) has occurred while \output is active []


Overfull \hbox (335.75pt too wide) has occurred while \output is active
[]
 []


Underfull \vbox (badness 10000) has occurred while \output is active []


Overfull \hbox (335.75pt too wide) has occurred while \output is active
[]
 []


Underfull \vbox (badness 10000) has occurred while \output is active []


Overfull \hbox (335.75pt too wide) has occurred while \output is active
[]
 []


Underfull \vbox (badness 10000) has occurred while \output is active []


Overfull \hbox (335.75pt too wide) has occurred while \output is active
[]
 []


Underfull \hbox (badness 10000) has occurred while \output is active
 [][][][] 
 []

[10]) (./scale.intro.tex
Overfull \hbox (3.33333pt too wide) in paragraph at lines 6--13
[][] 
 []


Underfull \hbox (badness 10000) has occurred while \output is active
 [][][][] 
 []

[11]
LaTeX Font Info:    Font shape `OMS/cmr/m/n' in size <10> not available
(Font)              Font shape `OMS/cmsy/m/n' tried instead on input line 58.

Underfull \hbox (badness 10000) has occurred while \output is active
 [][][][] 
 []

[12]
Overfull \hbox (3.33333pt too wide) in paragraph at lines 135--136
[][] 
 []


Underfull \vbox (badness 1199) has occurred while \output is active []


Underfull \hbox (badness 10000) has occurred while \output is active
 [][][][] 
 []

[13]
Overfull \hbox (11.27989pt too wide) in paragraph at lines 166--173
\EqNumFont cal-culi un-der-ly-ing lan-guages like \OT1/cmtt/m/n/10 Haskell \EqN
umFont or \OT1/cmtt/m/n/10 OCaml \EqNumFont look like $\OML/cmm/m/it/10 T[]\EqN
umFont (\OML/cmm/m/it/10 T[]\EqNumFont ([] \OML/cmm/m/it/10 T[]\EqNumFont (\OML
/cmm/m/it/10 ^^U\EqNumFont ) []))$.
 []


Overfull \hbox (3.33333pt too wide) in paragraph at lines 181--182
[][] 
 []


Underfull \hbox (badness 10000) has occurred while \output is active
 [][][][] 
 []

[14]
Underfull \hbox (badness 10000) has occurred while \output is active
 [][][][] 
 []

[15]) (./scale.summary.contributions.tex
Underfull \hbox (badness 10000) has occurred while \output is active
 [][][][] 
 []

[16]) (./scale.functional.history.tex
Underfull \hbox (badness 10000) has occurred while \output is active
 [][][][] 
 []

[17]
Underfull \hbox (badness 10000) has occurred while \output is active
 [][][][] 
 []

[18]) (./scale.process.calculi.tex
Underfull \vbox (badness 10000) detected at line 1
 []


Overfull \hbox (335.75pt too wide) detected at line 1
[]
 []


Underfull \vbox (badness 10000) detected at line 1
 []


Overfull \hbox (335.75pt too wide) detected at line 1
[]
 []


Underfull \vbox (badness 10000) detected at line 1
 []


Overfull \hbox (335.75pt too wide) detected at line 1
[]
 []


Underfull \vbox (badness 10000) detected at line 1
 []


Overfull \hbox (335.75pt too wide) detected at line 1
[]
 []


Underfull \hbox (badness 10000) has occurred while \output is active
 [][][][] 
 []

[19]
Underfull \vbox (badness 10000) detected at line 1
 []


Overfull \hbox (335.75pt too wide) detected at line 1
[]
 []


Underfull \vbox (badness 10000) detected at line 1
 []


Overfull \hbox (335.75pt too wide) detected at line 1
[]
 []


Underfull \vbox (badness 10000) detected at line 1
 []


Overfull \hbox (335.75pt too wide) detected at line 1
[]
 []


Underfull \vbox (badness 10000) detected at line 1
 []


Overfull \hbox (335.75pt too wide) detected at line 1
[]
 []


Underfull \hbox (badness 10000) has occurred while \output is active
 [][][][] 
 []

[20

]
Chapter 1.
)
Underfull \hbox (badness 10000) has occurred while \output is active
 [][][][] 
 []

[21] (./scale.pi.presentation.tex [22]
Overfull \hbox (10.9333pt too wide) in paragraph at lines 85--86
 [][] 
 []

[23]

LaTeX Warning: \oval, \circle, or \line size unavailable on input line 157.


Overfull \hbox (10.9333pt too wide) in paragraph at lines 157--158
 [][] 
 []

[24]
Overfull \hbox (10.9333pt too wide) in paragraph at lines 189--190
 [][] 
 []


LaTeX Warning: \oval, \circle, or \line size unavailable on input line 218.


Overfull \hbox (10.9333pt too wide) in paragraph at lines 218--219
 [][] 
 []

[25]
Overfull \hbox (10.9333pt too wide) in paragraph at lines 287--288
 [][] 
 []

[26]) (./scale.comm.tex [27]
Underfull \vbox (badness 2343) has occurred while \output is active []

 [28])
(./scale.rho.presentation.tex
Underfull \vbox (badness 10000) detected at line 1
 []


Overfull \hbox (335.75pt too wide) detected at line 1
[]
 []


Underfull \vbox (badness 10000) detected at line 1
 []


Overfull \hbox (335.75pt too wide) detected at line 1
[]
 []


Underfull \vbox (badness 10000) detected at line 1
 []


Overfull \hbox (335.75pt too wide) detected at line 1
[]
 []


Underfull \vbox (badness 10000) detected at line 1
 []


Overfull \hbox (335.75pt too wide) detected at line 1
[]
 []

[29]
Underfull \vbox (badness 10000) detected at line 1
 []


Overfull \hbox (335.75pt too wide) detected at line 1
[]
 []


Underfull \vbox (badness 10000) detected at line 1
 []


Overfull \hbox (335.75pt too wide) detected at line 1
[]
 []


Underfull \vbox (badness 10000) detected at line 1
 []


Overfull \hbox (335.75pt too wide) detected at line 1
[]
 []


Underfull \vbox (badness 10000) detected at line 1
 []


Overfull \hbox (335.75pt too wide) detected at line 1
[]
 []


Underfull \hbox (badness 10000) has occurred while \output is active
 [][][][] 
 []

[30

]
Chapter 2.

Overfull \hbox (10.9333pt too wide) in paragraph at lines 60--61
 [][] 
 []


Underfull \vbox (badness 10000) has occurred while \output is active []


Underfull \hbox (badness 10000) has occurred while \output is active
 [][][][] 
 []

[31] [32]

LaTeX Warning: Citation `ONAG' on page 33 undefined on input line 169.

[33]
Overfull \hbox (10.9333pt too wide) in paragraph at lines 229--230
 [][] 
 []


Overfull \hbox (10.9333pt too wide) in paragraph at lines 253--254
 [][] 
 []


Underfull \vbox (badness 2376) has occurred while \output is active []

 [34]
Overfull \hbox (10.9333pt too wide) in paragraph at lines 270--271
 [][] 
 []

LaTeX Font Info:    Try loading font information for OMS+cmtt on input line 278
.
LaTeX Font Info:    No file OMScmtt.fd. on input line 278.

LaTeX Font Warning: Font shape `OMS/cmtt/m/n' undefined
(Font)              using `OMS/cmsy/m/n' instead
(Font)              for symbol `textbraceleft' on input line 278.


LaTeX Warning: \oval, \circle, or \line size unavailable on input line 298.


Overfull \hbox (10.9333pt too wide) in paragraph at lines 298--299
 [][] 
 []

[35] [36]

LaTeX Warning: \oval, \circle, or \line size unavailable on input line 387.


Overfull \hbox (10.9333pt too wide) in paragraph at lines 387--388
 [][] 
 []


Underfull \vbox (badness 5970) has occurred while \output is active []

 [37]
[38]) (./scale.logic.tex
Underfull \vbox (badness 10000) detected at line 1
 []


Overfull \hbox (335.75pt too wide) detected at line 1
[]
 []


Underfull \vbox (badness 10000) detected at line 1
 []


Overfull \hbox (335.75pt too wide) detected at line 1
[]
 []


Underfull \vbox (badness 10000) detected at line 1
 []


Overfull \hbox (335.75pt too wide) detected at line 1
[]
 []


Underfull \vbox (badness 10000) detected at line 1
 []


Overfull \hbox (335.75pt too wide) detected at line 1
[]
 []

[39]
Underfull \vbox (badness 10000) detected at line 1
 []


Overfull \hbox (335.75pt too wide) detected at line 1
[]
 []


Underfull \vbox (badness 10000) detected at line 1
 []


Overfull \hbox (335.75pt too wide) detected at line 1
[]
 []


Underfull \vbox (badness 10000) detected at line 1
 []


Overfull \hbox (335.75pt too wide) detected at line 1
[]
 []


Underfull \vbox (badness 10000) detected at line 1
 []


Overfull \hbox (335.75pt too wide) detected at line 1
[]
 []


Underfull \hbox (badness 10000) has occurred while \output is active
 [][][][] 
 []

[40

]
Chapter 3.

LaTeX Warning: Citation `DBLP:journals/tcs/CairesC04' on page 41 undefined on i
nput line 5.


LaTeX Warning: Citation `DBLP:journals/tcs/CairesC04' on page 41 undefined on i
nput line 15.


Overfull \hbox (10.9333pt too wide) in paragraph at lines 42--43
 [][] 
 []


LaTeX Warning: Citation `DBLP:conf/fossacs/Caires04' on page 41 undefined on in
put line 73.


Underfull \vbox (badness 2088) has occurred while \output is active []


Underfull \hbox (badness 10000) has occurred while \output is active
 [][][][] 
 []

[41]

LaTeX Warning: \oval, \circle, or \line size unavailable on input line 124.


Overfull \hbox (10.9333pt too wide) in paragraph at lines 124--125
 [][] 
 []

[42]

LaTeX Warning: Citation `W3CInfoset' on page 43 undefined on input line 192.

[43]
Overfull \hbox (20.07028pt too wide) in alignment at lines 195--208
 [] [] [] [] 
 []


LaTeX Warning: Citation `W3CXSD' on page 44 undefined on input line 228.


Overfull \hbox (10.9333pt too wide) in paragraph at lines 258--259
 [][] 
 []

[44]) (./scale.holOgram.tex [45]
Underfull \vbox (badness 10000) detected at line 1
 []


Overfull \hbox (335.75pt too wide) detected at line 1
[]
 []


Underfull \vbox (badness 10000) detected at line 1
 []


Overfull \hbox (335.75pt too wide) detected at line 1
[]
 []


Underfull \vbox (badness 10000) detected at line 1
 []


Overfull \hbox (335.75pt too wide) detected at line 1
[]
 []


Underfull \vbox (badness 10000) detected at line 1
 []


Overfull \hbox (335.75pt too wide) detected at line 1
[]
 []


Underfull \hbox (badness 10000) has occurred while \output is active
 [][][][] 
 []

[46

] [47]
Underfull \vbox (badness 10000) has occurred while \output is active []


Overfull \hbox (335.75pt too wide) has occurred while \output is active
[]
 []


Underfull \vbox (badness 10000) has occurred while \output is active []


Overfull \hbox (335.75pt too wide) has occurred while \output is active
[]
 []


Underfull \vbox (badness 10000) has occurred while \output is active []


Overfull \hbox (335.75pt too wide) has occurred while \output is active
[]
 []


Underfull \vbox (badness 10000) has occurred while \output is active []


Overfull \hbox (335.75pt too wide) has occurred while \output is active
[]
 []


Underfull \hbox (badness 10000) has occurred while \output is active
 [][][][] 
 []

[48]
Underfull \vbox (badness 10000) detected at line 2
 []


Overfull \hbox (335.75pt too wide) detected at line 2
[]
 []


Underfull \vbox (badness 10000) detected at line 2
 []


Overfull \hbox (335.75pt too wide) detected at line 2
[]
 []


Underfull \vbox (badness 10000) detected at line 2
 []


Overfull \hbox (335.75pt too wide) detected at line 2
[]
 []


Underfull \vbox (badness 10000) detected at line 2
 []


Overfull \hbox (335.75pt too wide) detected at line 2
[]
 []

Chapter 4.
LaTeX Font Info:    Try loading font information for OMS+cmss on input line 32.

LaTeX Font Info:    No file OMScmss.fd. on input line 32.

LaTeX Font Warning: Font shape `OMS/cmss/m/n' undefined
(Font)              using `OMS/cmsy/m/n' instead
(Font)              for symbol `textbraceleft' on input line 32.


LaTeX Warning: \oval, \circle, or \line size unavailable on input line 73.


Overfull \hbox (10.9333pt too wide) in paragraph at lines 73--74
 [][] 
 []

) (./scale.conclusion.tex) (./scale.ack.tex)
Underfull \hbox (badness 10000) has occurred while \output is active
 [][][][] 
 []

[49

] (./scale.bbl [50]
Underfull \hbox (badness 10000) has occurred while \output is active
 [][][][] 
 []

[51

] [52] [53]) [54] (./scale.aux)

LaTeX Font Warning: Some font shapes were not available, defaults substituted.


LaTeX Warning: There were undefined references.

 ) 
Here is how much of TeX's memory you used:
 2659 strings out of 95137
 32000 string characters out of 1183013
 2078686 words of memory out of 4533521
 5692 multiletter control sequences out of 10000+50000
 21336 words of font info for 81 fonts, out of 2000000 for 2000
 58 hyphenation exceptions out of 5000
 25i,20n,27p,294b,325s stack positions out of 5000i,500n,6000p,200000b,40000s
PDF statistics:
 249 PDF objects out of 300000
 0 named destinations out of 131072
 1 words of extra memory for PDF output out of 10000
</usr/local/teTeX/share/texmf.tetex/fonts/type1/bluesky/symbols/msam7.pfb></u
sr/local/teTeX/share/texmf.tetex/fonts/type1/bluesky/symbols/msbm10.pfb></usr/l
ocal/teTeX/share/texmf.tetex/fonts/type1/bluesky/cm/cmex10.pfb></usr/local/teTe
X/share/texmf.tetex/fonts/type1/bluesky/latex/lasy7.pfb></usr/local/teTeX/share
/texmf.tetex/fonts/type1/bluesky/cm/cmsy5.pfb></usr/local/teTeX/share/texmf.tet
ex/fonts/type1/bluesky/cm/cmmi6.pfb></usr/local/teTeX/share/texmf.tetex/fonts/t
ype1/bluesky/cm/cmmi9.pfb></usr/local/teTeX/share/texmf.tetex/fonts/type1/blues
ky/latex/lasy10.pfb></usr/local/teTeX/share/texmf.tetex/fonts/type1/bluesky/cm/
cmss10.pfb></usr/local/teTeX/share/texmf.tetex/fonts/type1/bluesky/cm/cmcsc10.p
fb></usr/local/teTeX/share/texmf.tetex/fonts/type1/bluesky/latex/lcirclew.pfb><
/usr/local/teTeX/share/texmf.tetex/fonts/type1/bluesky/cm/cmsy7.pfb></usr/local
/teTeX/share/texmf.tetex/fonts/type1/bluesky/cm/cmmi7.pfb></usr/local/teTeX/sha
re/texmf.tetex/fonts/type1/bluesky/cm/cmtt8.pfb></usr/local/teTeX/share/texmf.t
etex/fonts/type1/bluesky/cm/cmr8.pfb></usr/local/teTeX/share/texmf.tetex/fonts/
type1/bluesky/cm/cmr6.pfb></usr/local/teTeX/share/texmf.tetex/fonts/type1/blues
ky/cm/cmr7.pfb></usr/local/teTeX/share/texmf.tetex/fonts/type1/bluesky/cm/cmtt1
0.pfb></usr/local/teTeX/share/texmf.tetex/fonts/type1/bluesky/cm/cmti10.pfb></u
sr/local/teTeX/share/texmf.tetex/fonts/type1/bluesky/cm/cmbx10.pfb></usr/local/
teTeX/share/texmf.tetex/fonts/type1/bluesky/cm/cmbxsl10.pfb></usr/local/teTeX/s
hare/texmf.tetex/fonts/type1/bluesky/symbols/msam10.pfb></usr/local/teTeX/share
/texmf.tetex/fonts/type1/bluesky/cm/cmsy10.pfb></usr/local/teTeX/share/texmf.te
tex/fonts/type1/bluesky/cm/cmmi10.pfb></usr/local/teTeX/share/texmf.tetex/fonts
/type1/bluesky/cm/cmbx12.pfb></usr/local/teTeX/share/texmf.tetex/fonts/type1/bl
uesky/cm/cmr10.pfb>
Output written on scale.pdf (54 pages, 308014 bytes).
