This is pdfeTeX, Version 3.141592-1.30.4-2.2 (Web2C 7.5.5) (format=pdflatex 2006.9.13)  8 MAY 2007 10:09
entering extended mode
**qm2pi.tex
(./qm2pi.tex
LaTeX2e <2003/12/01>
Babel <v3.8d> and hyphenation patterns for american, french, german, ngerman, d
utch, italian, norsk, portuges, spanish, swedish, nohyphenation, loaded.
(./llncs.cls
Document Class: llncs 2000/05/16 v2.8 
LaTeX document class for Lecture Notes in Computer Science
(/usr/local/teTeX/share/texmf.tetex/tex/latex/base/article.cls
Document Class: article 2004/02/16 v1.4f Standard LaTeX document class
(/usr/local/teTeX/share/texmf.tetex/tex/latex/base/size12.clo
File: size12.clo 2004/02/16 v1.4f Standard LaTeX file (size option)
)
\c@part=\count79
\c@section=\count80
\c@subsection=\count81
\c@subsubsection=\count82
\c@paragraph=\count83
\c@subparagraph=\count84
\c@figure=\count85
\c@table=\count86
\abovecaptionskip=\skip41
\belowcaptionskip=\skip42
\bibindent=\dimen102
)
(/usr/local/teTeX/share/texmf.tetex/tex/latex/tools/multicol.sty
Package: multicol 2004/02/14 v1.6e multicolumn formatting (FMi)
\c@tracingmulticols=\count87
\mult@box=\box26
\multicol@leftmargin=\dimen103
\c@unbalance=\count88
\c@collectmore=\count89
\doublecol@number=\count90
\multicoltolerance=\count91
\multicolpretolerance=\count92
\full@width=\dimen104
\page@free=\dimen105
\premulticols=\dimen106
\postmulticols=\dimen107
\multicolsep=\skip43
\multicolbaselineskip=\skip44
\partial@page=\box27
\last@line=\box28
\mult@rightbox=\box29
\mult@grightbox=\box30
\mult@gfirstbox=\box31
\mult@firstbox=\box32
\@tempa=\box33
\@tempa=\box34
\@tempa=\box35
\@tempa=\box36
\@tempa=\box37
\@tempa=\box38
\@tempa=\box39
\@tempa=\box40
\@tempa=\box41
\@tempa=\box42
\@tempa=\box43
\@tempa=\box44
\@tempa=\box45
\@tempa=\box46
\@tempa=\box47
\@tempa=\box48
\@tempa=\box49
\c@columnbadness=\count93
\c@finalcolumnbadness=\count94
\last@try=\dimen108
\multicolovershoot=\dimen109
\multicolundershoot=\dimen110
\mult@nat@firstbox=\box50
\colbreak@box=\box51
)
\c@chapter=\count95
LaTeX Font Info:    Redeclaring math symbol \Gamma on input line 199.
LaTeX Font Info:    Redeclaring math symbol \Delta on input line 200.
LaTeX Font Info:    Redeclaring math symbol \Theta on input line 201.
LaTeX Font Info:    Redeclaring math symbol \Lambda on input line 202.
LaTeX Font Info:    Redeclaring math symbol \Xi on input line 203.
LaTeX Font Info:    Redeclaring math symbol \Pi on input line 204.
LaTeX Font Info:    Redeclaring math symbol \Sigma on input line 205.
LaTeX Font Info:    Redeclaring math symbol \Upsilon on input line 206.
LaTeX Font Info:    Redeclaring math symbol \Phi on input line 207.
LaTeX Font Info:    Redeclaring math symbol \Psi on input line 208.
LaTeX Font Info:    Redeclaring math symbol \Omega on input line 209.
\tocchpnum=\dimen111
\tocsecnum=\dimen112
\tocsectotal=\dimen113
\tocsubsecnum=\dimen114
\tocsubsectotal=\dimen115
\tocsubsubsecnum=\dimen116
\tocsubsubsectotal=\dimen117
\tocparanum=\dimen118
\tocparatotal=\dimen119
\tocsubparanum=\dimen120
\@tempcntc=\count96
\fnindent=\dimen121
\c@@inst=\count97
\c@@auth=\count98
\c@auco=\count99
\instindent=\dimen122
\authrun=\box52
\authorrunning=\toks14
\tocauthor=\toks15
\titrun=\box53
\titlerunning=\toks16
\toctitle=\toks17
\c@theorem=\count100
\c@case=\count101
\c@conjecture=\count102
\c@corollary=\count103
\c@definition=\count104
\c@example=\count105
\c@exercise=\count106
\c@lemma=\count107
\c@note=\count108
\c@problem=\count109
\c@property=\count110
\c@proposition=\count111
\c@question=\count112
\c@solution=\count113
\c@remark=\count114
\headlineindent=\dimen123
)
(/usr/local/teTeX/share/texmf.tetex/tex/latex/hyperref/hyperref.sty
Package: hyperref 2003/11/30 v6.74m Hypertext links for LaTeX

(/usr/local/teTeX/share/texmf.tetex/tex/latex/graphics/keyval.sty
Package: keyval 1999/03/16 v1.13 key=value parser (DPC)
\KV@toks@=\toks18
)
\@linkdim=\dimen124
\Hy@linkcounter=\count115
\Hy@pagecounter=\count116

(/usr/local/teTeX/share/texmf.tetex/tex/latex/hyperref/pd1enc.def
File: pd1enc.def 2003/11/30 v6.74m Hyperref: PDFDocEncoding definition (HO)
)
(/usr/local/teTeX/share/texmf.tetex/tex/latex/hyperref/hyperref.cfg
File: hyperref.cfg 2002/06/06 v1.2 hyperref configuration of TeXLive and teTeX
)
Package hyperref Info: Hyper figures OFF on input line 1880.
Package hyperref Info: Link nesting OFF on input line 1885.
Package hyperref Info: Hyper index ON on input line 1888.
Package hyperref Info: Plain pages ON on input line 1893.
Package hyperref Info: Backreferencing OFF on input line 1900.

Implicit mode ON; LaTeX internals redefined
Package hyperref Info: Bookmarks ON on input line 2004.
(/usr/local/teTeX/share/texmf.tetex/tex/latex/url/url.sty
\Urlmuskip=\muskip10
Package: url 2004/03/15  ver 3.1  Verb mode for urls, etc.
)
LaTeX Info: Redefining \url on input line 2143.
\Fld@menulength=\count117
\Field@Width=\dimen125
\Fld@charsize=\dimen126
\Choice@toks=\toks19
\Field@toks=\toks20
Package hyperref Info: Hyper figures OFF on input line 2618.
Package hyperref Info: Link nesting OFF on input line 2623.
Package hyperref Info: Hyper index ON on input line 2626.
Package hyperref Info: backreferencing OFF on input line 2633.
Package hyperref Info: Link coloring OFF on input line 2638.
\c@Item=\count118
\c@Hfootnote=\count119
)
*hyperref using driver hpdftex*
(/usr/local/teTeX/share/texmf.tetex/tex/latex/hyperref/hpdftex.def
File: hpdftex.def 2003/11/30 v6.74m Hyperref driver for pdfTeX

(/usr/local/teTeX/share/texmf.tetex/tex/latex/psnfss/pifont.sty
Package: pifont 2004/09/15 PSNFSS-v9.2 Pi font support (SPQR) 
LaTeX Font Info:    Try loading font information for U+pzd on input line 63.

(/usr/local/teTeX/share/texmf.tetex/tex/latex/psnfss/upzd.fd
File: upzd.fd 2001/06/04 font definitions for U/pzd.
)
LaTeX Font Info:    Try loading font information for U+psy on input line 64.

(/usr/local/teTeX/share/texmf.tetex/tex/latex/psnfss/upsy.fd
File: upsy.fd 2001/06/04 font definitions for U/psy.
))
\Fld@listcount=\count120
\@outlinefile=\write3
)
(./mathpartir.sty
Package: mathpartir 2003/07/10 version 1.1.1 Math Paragraph for Typesetting Inf
erence Rules
\mpr@tmpdim=\dimen127
\mpr@andskip=\skip45
\mpr@lista=\toks21
\mpr@listb=\toks22
\mpr@hlist=\box54
\mpr@vlist=\box55
\mpr@right=\box56
\rule@dimen=\dimen128
) (./bcprules.sty
\afterruleskip=\skip46
\labelminsep=\skip47
\labelcolwidth=\dimen129
\@labelbox=\box57
\rulebox=\box58
\ruledim=\dimen130
\labeldim=\dimen131
)
(/usr/local/teTeX/share/texmf.tetex/tex/latex/graphics/graphicx.sty
Package: graphicx 1999/02/16 v1.0f Enhanced LaTeX Graphics (DPC,SPQR)

(/usr/local/teTeX/share/texmf.tetex/tex/latex/graphics/graphics.sty
Package: graphics 2001/07/07 v1.0n Standard LaTeX Graphics (DPC,SPQR)

(/usr/local/teTeX/share/texmf.tetex/tex/latex/graphics/trig.sty
Package: trig 1999/03/16 v1.09 sin cos tan (DPC)
)
(/usr/local/teTeX/share/texmf.tetex/tex/latex/graphics/graphics.cfg
File: graphics.cfg 2005/02/03 v1.3 graphics configuration of teTeX/TeXLive
)
Package graphics Info: Driver file: pdftex.def on input line 80.

(/usr/local/teTeX/share/texmf.tetex/tex/latex/graphics/pdftex.def
File: pdftex.def 2002/06/19 v0.03k graphics/color for pdftex
\Gread@gobject=\count121
))
\Gin@req@height=\dimen132
\Gin@req@width=\dimen133
)
(/usr/local/teTeX/share/texmf.tetex/tex/latex/amsfonts/amsfonts.sty
Package: amsfonts 2001/10/25 v2.2f
\@emptytoks=\toks23
\symAMSa=\mathgroup4
\symAMSb=\mathgroup5
LaTeX Font Info:    Overwriting math alphabet `\mathfrak' in version `bold'
(Font)                  U/euf/m/n --> U/euf/b/n on input line 132.
)
(/usr/local/teTeX/share/texmf.tetex/tex/latex/amsmath/amstext.sty
Package: amstext 2000/06/29 v2.01

(/usr/local/teTeX/share/texmf.tetex/tex/latex/amsmath/amsgen.sty
File: amsgen.sty 1999/11/30 v2.0
\@emptytoks=\toks24
\ex@=\dimen134
))
(/usr/local/teTeX/share/texmf.tetex/tex/latex/base/latexsym.sty
Package: latexsym 1998/08/17 v2.2e Standard LaTeX package (lasy symbols)
\symlasy=\mathgroup6
LaTeX Font Info:    Overwriting symbol font `lasy' in version `bold'
(Font)                  U/lasy/m/n --> U/lasy/b/n on input line 47.
)
(/usr/local/teTeX/share/texmf.tetex/tex/latex/amsfonts/amssymb.sty
Package: amssymb 2002/01/22 v2.2d
)
(/usr/local/teTeX/share/texmf.tetex/tex/latex/graphics/color.sty
Package: color 1999/02/16 v1.0i Standard LaTeX Color (DPC)

(/usr/local/teTeX/share/texmf.tetex/tex/latex/graphics/color.cfg
File: color.cfg 2005/02/03 v1.3 color configuration of teTeX/TeXLive
)
Package color Info: Driver file: pdftex.def on input line 125.
)
\@input{qm2pi.local.aux}
\openout2 = `qm2pi.local.aux'.

(./qm2pi.local.tex
\ltext=\skip48
\lmath=\skip49
\cmath=\skip50
\rmath=\skip51
\rtext=\skip52
LaTeX Font Info:    Try loading font information for U+msa on input line 168.

(/usr/local/teTeX/share/texmf.tetex/tex/latex/amsfonts/umsa.fd
File: umsa.fd 2002/01/19 v2.2g AMS font definitions
)
LaTeX Font Info:    Try loading font information for U+msb on input line 168.

(/usr/local/teTeX/share/texmf.tetex/tex/latex/amsfonts/umsb.fd
File: umsb.fd 2002/01/19 v2.2g AMS font definitions
)
LaTeX Font Info:    Try loading font information for U+lasy on input line 168.

(/usr/local/teTeX/share/texmf.tetex/tex/latex/base/ulasy.fd
File: ulasy.fd 1998/08/17 v2.2e LaTeX symbol font definitions
)) (./qm2pi.aux)
\openout1 = `qm2pi.aux'.

LaTeX Font Info:    Checking defaults for OML/cmm/m/it on input line 42.
LaTeX Font Info:    ... okay on input line 42.
LaTeX Font Info:    Checking defaults for T1/cmr/m/n on input line 42.
LaTeX Font Info:    ... okay on input line 42.
LaTeX Font Info:    Checking defaults for OT1/cmr/m/n on input line 42.
LaTeX Font Info:    ... okay on input line 42.
LaTeX Font Info:    Checking defaults for OMS/cmsy/m/n on input line 42.
LaTeX Font Info:    ... okay on input line 42.
LaTeX Font Info:    Checking defaults for OMX/cmex/m/n on input line 42.
LaTeX Font Info:    ... okay on input line 42.
LaTeX Font Info:    Checking defaults for U/cmr/m/n on input line 42.
LaTeX Font Info:    ... okay on input line 42.
LaTeX Font Info:    Checking defaults for PD1/pdf/m/n on input line 42.
LaTeX Font Info:    ... okay on input line 42.
Package hyperref Info: Link coloring OFF on input line 42.

(/usr/local/teTeX/share/texmf.tetex/tex/latex/hyperref/nameref.sty
Package: nameref 2003/12/03 v2.21 Cross-referencing by name of section
\c@section@level=\count122
)
LaTeX Info: Redefining \ref on input line 42.
LaTeX Info: Redefining \pageref on input line 42.

(./qm2pi.out) (./qm2pi.out)
\openout3 = `qm2pi.out'.


(/usr/local/teTeX/share/texmf.tetex/tex/context/base/supp-pdf.tex
(/usr/local/teTeX/share/texmf.tetex/tex/context/base/supp-mis.tex
loading : Context Support Macros / Miscellaneous (2004.10.26)
\protectiondepth=\count123
\scratchcounter=\count124
\scratchtoks=\toks25
\scratchdimen=\dimen135
\scratchskip=\skip53
\scratchmuskip=\muskip11
\scratchbox=\box59
\scratchread=\read1
\scratchwrite=\write4
\zeropoint=\dimen136
\onepoint=\dimen137
\onebasepoint=\dimen138
\minusone=\count125
\thousandpoint=\dimen139
\onerealpoint=\dimen140
\emptytoks=\toks26
\nextbox=\box60
\nextdepth=\dimen141
\everyline=\toks27
\!!counta=\count126
\!!countb=\count127
\recursecounter=\count128
)
loading : Context Support Macros / PDF (2004.03.26)
\nofMPsegments=\count129
\nofMParguments=\count130
\MPscratchCnt=\count131
\MPscratchDim=\dimen142
\MPnumerator=\count132
\everyMPtoPDFconversion=\toks28
) (./qm2pi.front.tex

Package hyperref Warning: bookmark level for unknown title defaults to 0.

) (./qm2pi.intro.tex [1



{/usr/local/teTeX/share/texmf.local/fonts/map/pdftex/updmap/pdftex.map}] [2]
Underfull \vbox (badness 4927) has occurred while \output is active []

 [3])
(./qm2pi.process.calculi.tex [4]) (./qm2pi.rho.presentation.tex
LaTeX Font Info:    Font shape `U/lasy/b/n' in size <8> not available
(Font)              Font shape `U/lasy/m/n' tried instead on input line 19.
LaTeX Font Info:    Font shape `U/lasy/b/n' in size <6> not available
(Font)              Font shape `U/lasy/m/n' tried instead on input line 19.
 [5] [6]
Overfull \hbox (2.89227pt too wide) in paragraph at lines 91--97
\OT1/cmr/m/n/12 names and pro-cesses im-poses a mu-tual re-cur-sion on alpha-eq
uivalence
 []

LaTeX Font Info:    Try loading font information for OMS+cmtt on input line 101
.
LaTeX Font Info:    No file OMScmtt.fd. on input line 101.

LaTeX Font Warning: Font shape `OMS/cmtt/m/n' undefined
(Font)              using `OMS/cmsy/m/n' instead
(Font)              for symbol `textbraceleft' on input line 101.

[7] [8
! pdfTeX warning (ext4): destination with the same identifier (name{equation.1}
) has been already used, duplicate ignored
<to be read again> 
                   \endgroup \set@typeset@protect 
l.196 
      ]
! pdfTeX warning (ext4): destination with the same identifier (name{equation.1}
) has been already used, duplicate ignored
<to be read again> 
                   \Hy@RestoreLastskip 
l.216 \begin{eqnarray}
                      
! pdfTeX warning (ext4): destination with the same identifier (name{equation.1}
) has been already used, duplicate ignored
<to be read again> 
                   \Hy@RestoreLastskip 
l.221 \begin{eqnarray}
                      
! pdfTeX warning (ext4): destination with the same identifier (name{equation.1}
) has been already used, duplicate ignored
<to be read again> 
                   \Hy@RestoreLastskip 
l.241 \begin{eqnarray}
                       [9] [10] [11]) (./qm2pi.qmops.tex [12] [13] [14]
[15] [16] [17]) (./qm2pi.sterngerlach.tex) (./qm2pi.metric.tex [18]

LaTeX Warning: Citation `DBLP:journals/tcs/CairesC04' on page 19 undefined on i
nput line 60.

[19]

LaTeX Warning: Citation `DBLP:journals/tcs/CairesC04' on page 20 undefined on i
nput line 70.


LaTeX Warning: Citation `DBLP:conf/fossacs/Caires04' on page 20 undefined on in
put line 101.

! pdfTeX warning (ext4): destination with the same identifier (name{equation.1}
) has been already used, duplicate ignored
<to be read again> 
                   \Hy@RestoreLastskip 
l.105 \begin{eqnarray}
                       [20]
! pdfTeX warning (ext4): destination with the same identifier (name{equation.1}
) has been already used, duplicate ignored
<to be read again> 
                   \Hy@RestoreLastskip 
l.116 \begin{eqnarray}
                      
! pdfTeX warning (ext4): destination with the same identifier (name{equation.1}
) has been already used, duplicate ignored
<to be read again> 
                   \Hy@RestoreLastskip 
l.124 \begin{eqnarray}
                       [21]
! pdfTeX warning (ext4): destination with the same identifier (name{equation.1}
) has been already used, duplicate ignored
<to be read again> 
                   \Hy@RestoreLastskip 
l.160 \begin{eqnarray}
                      
! pdfTeX warning (ext4): destination with the same identifier (name{equation.1}
) has been already used, duplicate ignored
<to be read again> 
                   \Hy@RestoreLastskip 
l.177 \begin{eqnarray}
                      
! pdfTeX warning (ext4): destination with the same identifier (name{equation.1}
) has been already used, duplicate ignored
<to be read again> 
                   \Hy@RestoreLastskip 
l.189 \begin{eqnarray}
                       [22]) (./qm2pi.conclusion.tex [23] [24])
(./qm2pi.ack.tex)
Overfull \hbox (9.67693pt too wide) in paragraph at lines 2--95
\OT1/cmr/m/n/12 ing the normalization-by-evaluation pro-gram to his at-ten-tion
. It turned
 []

[25] (./qm2pi.bbl [26]) (./qm2pi.rhodetails.tex [27]
Underfull \vbox (badness 6428) has occurred while \output is active []

 [28]
! pdfTeX warning (ext4): destination with the same identifier (name{equation.1}
) has been already used, duplicate ignored
<to be read again> 
                   \Hy@RestoreLastskip 
l.83 \begin{eqnarray}
                     
! pdfTeX warning (ext4): destination with the same identifier (name{equation.1}
) has been already used, duplicate ignored
<to be read again> 
                   \Hy@RestoreLastskip 
l.103 \begin{eqnarray}
                       [29]
! pdfTeX warning (ext4): destination with the same identifier (name{equation.1}
) has been already used, duplicate ignored
<to be read again> 
                   \Hy@RestoreLastskip 
l.135 \begin{eqnarray}
                      ) [30] (./qm2pi.aux)

LaTeX Font Warning: Some font shapes were not available, defaults substituted.

 ) 
Here is how much of TeX's memory you used:
 3965 strings out of 95137
 50894 string characters out of 1183013
 2098645 words of memory out of 4553480
 6845 multiletter control sequences out of 10000+50000
 19457 words of font info for 76 fonts, out of 2000000 for 2000
 58 hyphenation exceptions out of 5000
 31i,16n,25p,278b,302s stack positions out of 5000i,500n,6000p,200000b,40000s
PDF statistics:
 386 PDF objects out of 300000
 149 named destinations out of 131072
 25 words of extra memory for PDF output out of 10000
</usr/local/teTeX/share/texmf.tetex/fonts/type1/bluesky/cm/cmti9.pfb></usr/lo
cal/teTeX/share/texmf.tetex/fonts/type1/bluesky/cm/cmr6.pfb></usr/local/teTeX/s
hare/texmf.tetex/fonts/type1/bluesky/cm/cmss12.pfb></usr/local/teTeX/share/texm
f.tetex/fonts/type1/public/tt2001/fmex9.pfb></usr/local/teTeX/share/texmf.tetex
/fonts/type1/bluesky/cm/cmmi6.pfb></usr/local/teTeX/share/texmf.tetex/fonts/typ
e1/bluesky/cm/cmsy9.pfb></usr/local/teTeX/share/texmf.tetex/fonts/type1/bluesky
/symbols/msam10.pfb></usr/local/teTeX/share/texmf.tetex/fonts/type1/bluesky/cm/
cmmi9.pfb></usr/local/teTeX/share/texmf.tetex/fonts/type1/bluesky/cm/cmsy6.pfb>
</usr/local/teTeX/share/texmf.tetex/fonts/type1/bluesky/latex/lasy8.pfb></usr/l
ocal/teTeX/share/texmf.tetex/fonts/type1/bluesky/latex/lasy10.pfb></usr/local/t
eTeX/share/texmf.tetex/fonts/type1/bluesky/symbols/msam7.pfb></usr/local/teTeX/
share/texmf.tetex/fonts/type1/bluesky/cm/cmtt12.pfb></usr/local/teTeX/share/tex
mf.tetex/fonts/type1/bluesky/symbols/msbm10.pfb></usr/local/teTeX/share/texmf.t
etex/fonts/type1/bluesky/cm/cmex10.pfb></usr/local/teTeX/share/texmf.tetex/font
s/type1/bluesky/cm/cmmi8.pfb></usr/local/teTeX/share/texmf.tetex/fonts/type1/bl
uesky/symbols/msam10.pfb></usr/local/teTeX/share/texmf.tetex/fonts/type1/bluesk
y/cm/cmmib10.pfb></usr/local/teTeX/share/texmf.tetex/fonts/type1/bluesky/cm/cms
y10.pfb></usr/local/teTeX/share/texmf.tetex/fonts/type1/bluesky/cm/cmcsc10.pfb>
</usr/local/teTeX/share/texmf.tetex/fonts/type1/bluesky/cm/cmsy8.pfb></usr/loca
l/teTeX/share/texmf.tetex/fonts/type1/bluesky/cm/cmmi12.pfb></usr/local/teTeX/s
hare/texmf.tetex/fonts/type1/bluesky/cm/cmti12.pfb></usr/local/teTeX/share/texm
f.tetex/fonts/type1/bluesky/cm/cmbx9.pfb></usr/local/teTeX/share/texmf.tetex/fo
nts/type1/bluesky/cm/cmtt9.pfb></usr/local/teTeX/share/texmf.tetex/fonts/type1/
bluesky/cm/cmr9.pfb></usr/local/teTeX/share/texmf.tetex/fonts/type1/bluesky/cm/
cmr8.pfb></usr/local/teTeX/share/texmf.tetex/fonts/type1/bluesky/cm/cmr12.pfb><
/usr/local/teTeX/share/texmf.tetex/fonts/type1/bluesky/cm/cmbx12.pfb>
Output written on qm2pi.pdf (30 pages, 282149 bytes).
